2023-12-18T18:04:30.544+05:30  INFO 12120 --- [main] c.h.l.LoanManagementSystemApplication    : Starting LoanManagementSystemApplication using Java 17.0.8.1 with PID 12120 (C:\Users\Asus\Desktop\loanMangementSystem_Team-6-main\Loan_Management_System\target\classes started by Asus in C:\Users\Asus\Desktop\loanMangementSystem_Team-6-main\Loan_Management_System)
2023-12-18T18:04:30.569+05:30  INFO 12120 --- [main] c.h.l.LoanManagementSystemApplication    : No active profile set, falling back to 1 default profile: "default"
2023-12-18T18:04:32.466+05:30  INFO 12120 --- [main] .s.d.r.c.RepositoryConfigurationDelegate : Bootstrapping Spring Data JPA repositories in DEFAULT mode.
2023-12-18T18:04:32.575+05:30  INFO 12120 --- [main] .s.d.r.c.RepositoryConfigurationDelegate : Finished Spring Data repository scanning in 96 ms. Found 6 JPA repository interfaces.
2023-12-18T18:04:33.399+05:30  INFO 12120 --- [main] o.s.b.w.embedded.tomcat.TomcatWebServer  : Tomcat initialized with port(s): 8485 (http)
2023-12-18T18:04:33.413+05:30  INFO 12120 --- [main] o.apache.catalina.core.StandardService   : Starting service [Tomcat]
2023-12-18T18:04:33.413+05:30  INFO 12120 --- [main] o.apache.catalina.core.StandardEngine    : Starting Servlet engine: [Apache Tomcat/10.1.4]
2023-12-18T18:04:33.554+05:30  INFO 12120 --- [main] o.a.c.c.C.[Tomcat].[localhost].[/]       : Initializing Spring embedded WebApplicationContext
2023-12-18T18:04:33.554+05:30  INFO 12120 --- [main] w.s.c.ServletWebServerApplicationContext : Root WebApplicationContext: initialization completed in 2891 ms
2023-12-18T18:04:33.741+05:30  INFO 12120 --- [main] o.hibernate.jpa.internal.util.LogHelper  : HHH000204: Processing PersistenceUnitInfo [name: default]
2023-12-18T18:04:33.821+05:30  INFO 12120 --- [main] org.hibernate.Version                    : HHH000412: Hibernate ORM core version 6.1.6.Final
2023-12-18T18:04:34.019+05:30  WARN 12120 --- [main] org.hibernate.orm.deprecation            : HHH90000021: Encountered deprecated setting [javax.persistence.sharedCache.mode], use [jakarta.persistence.sharedCache.mode] instead
2023-12-18T18:04:34.172+05:30  INFO 12120 --- [main] com.zaxxer.hikari.HikariDataSource       : HikariPool-1 - Starting...
2023-12-18T18:04:34.566+05:30  INFO 12120 --- [main] com.zaxxer.hikari.pool.HikariPool        : HikariPool-1 - Added connection com.mysql.cj.jdbc.ConnectionImpl@106459d9
2023-12-18T18:04:34.571+05:30  INFO 12120 --- [main] com.zaxxer.hikari.HikariDataSource       : HikariPool-1 - Start completed.
2023-12-18T18:04:34.668+05:30  INFO 12120 --- [main] SQL dialect                              : HHH000400: Using dialect: org.hibernate.dialect.MySQLDialect
2023-12-18T18:04:35.929+05:30  INFO 12120 --- [main] o.h.e.t.j.p.i.JtaPlatformInitiator       : HHH000490: Using JtaPlatform implementation: [org.hibernate.engine.transaction.jta.platform.internal.NoJtaPlatform]
2023-12-18T18:04:35.946+05:30  INFO 12120 --- [main] j.LocalContainerEntityManagerFactoryBean : Initialized JPA EntityManagerFactory for persistence unit 'default'
2023-12-18T18:04:37.442+05:30  WARN 12120 --- [main] JpaBaseConfiguration$JpaWebConfiguration : spring.jpa.open-in-view is enabled by default. Therefore, database queries may be performed during view rendering. Explicitly configure spring.jpa.open-in-view to disable this warning
2023-12-18T18:04:37.943+05:30  INFO 12120 --- [main] o.s.s.web.DefaultSecurityFilterChain     : Will secure any request with [org.springframework.security.web.session.DisableEncodeUrlFilter@7a8316fa, org.springframework.security.web.context.request.async.WebAsyncManagerIntegrationFilter@46a5aff, org.springframework.security.web.context.SecurityContextHolderFilter@724a80d2, org.springframework.security.web.header.HeaderWriterFilter@5e2abb58, org.springframework.web.filter.CorsFilter@695f382c, org.springframework.security.web.authentication.logout.LogoutFilter@67c2ff5d, com.hexaware.loanmanagementsystem.filter.JwtAuthFilter@3a3375d8, org.springframework.security.web.savedrequest.RequestCacheAwareFilter@54aacbc7, org.springframework.security.web.servletapi.SecurityContextHolderAwareRequestFilter@198d55de, org.springframework.security.web.authentication.AnonymousAuthenticationFilter@29fa465a, org.springframework.security.web.session.SessionManagementFilter@643947d1, org.springframework.security.web.access.ExceptionTranslationFilter@58a06477, org.springframework.security.web.access.intercept.AuthorizationFilter@64f34c91]
2023-12-18T18:04:38.310+05:30  INFO 12120 --- [main] o.s.b.w.embedded.tomcat.TomcatWebServer  : Tomcat started on port(s): 8485 (http) with context path ''
2023-12-18T18:04:38.322+05:30  INFO 12120 --- [main] c.h.l.LoanManagementSystemApplication    : Started LoanManagementSystemApplication in 8.351 seconds (process running for 9.337)
2023-12-18T19:26:29.738+05:30  WARN 12120 --- [HikariPool-1 housekeeper] com.zaxxer.hikari.pool.HikariPool        : HikariPool-1 - Thread starvation or clock leap detected (housekeeper delta=49m54s563ms47µs300ns).
2023-12-18T19:32:58.483+05:30  INFO 12120 --- [http-nio-8485-exec-3] o.a.c.c.C.[Tomcat].[localhost].[/]       : Initializing Spring DispatcherServlet 'dispatcherServlet'
2023-12-18T19:32:58.484+05:30  INFO 12120 --- [http-nio-8485-exec-3] o.s.web.servlet.DispatcherServlet        : Initializing Servlet 'dispatcherServlet'
2023-12-18T19:32:58.487+05:30  INFO 12120 --- [http-nio-8485-exec-3] o.s.web.servlet.DispatcherServlet        : Completed initialization in 3 ms
2023-12-18T19:32:58.637+05:30  INFO 12120 --- [http-nio-8485-exec-2] c.h.l.r.LoginRestController              : Received request for user login for username: sachin45
2023-12-18T19:33:18.008+05:30  INFO 12120 --- [http-nio-8485-exec-5] c.h.l.r.LoginRestController              : Received request for user login for username: navaneet
2023-12-18T19:33:18.200+05:30  INFO 12120 --- [http-nio-8485-exec-5] c.h.l.service.JwtService                 : Generating token for username: navaneet
2023-12-18T19:33:18.201+05:30  INFO 12120 --- [http-nio-8485-exec-5] c.h.l.service.JwtService                 : Creating token for username: navaneet
2023-12-18T19:33:18.234+05:30  INFO 12120 --- [http-nio-8485-exec-5] c.h.l.r.LoginRestController              : User login successful for username: navaneet
2023-12-18T19:34:12.502+05:30  INFO 12120 --- [http-nio-8485-exec-6] c.h.l.service.JwtService                 : Extracting username from token
2023-12-18T19:34:12.503+05:30  INFO 12120 --- [http-nio-8485-exec-6] c.h.l.service.JwtService                 : Extracting all claims from token
2023-12-18T19:34:12.570+05:30  INFO 12120 --- [http-nio-8485-exec-6] c.h.l.service.JwtService                 : Extracting username from token
2023-12-18T19:34:12.570+05:30  INFO 12120 --- [http-nio-8485-exec-6] c.h.l.service.JwtService                 : Extracting all claims from token
2023-12-18T19:34:12.574+05:30  INFO 12120 --- [http-nio-8485-exec-6] c.h.l.service.JwtService                 : Checking if token is expired
2023-12-18T19:34:12.575+05:30  INFO 12120 --- [http-nio-8485-exec-6] c.h.l.service.JwtService                 : Extracting expiration from token
2023-12-18T19:34:12.576+05:30  INFO 12120 --- [http-nio-8485-exec-6] c.h.l.service.JwtService                 : Extracting all claims from token
2023-12-18T19:42:21.799+05:30  INFO 12120 --- [http-nio-8485-exec-10] c.h.l.r.LoginRestController              : Received request for user login for username: navaneet
2023-12-18T19:42:21.942+05:30  INFO 12120 --- [http-nio-8485-exec-10] c.h.l.service.JwtService                 : Generating token for username: navaneet
2023-12-18T19:42:21.942+05:30  INFO 12120 --- [http-nio-8485-exec-10] c.h.l.service.JwtService                 : Creating token for username: navaneet
2023-12-18T19:42:21.943+05:30  INFO 12120 --- [http-nio-8485-exec-10] c.h.l.r.LoginRestController              : User login successful for username: navaneet
2023-12-18T19:42:38.957+05:30  INFO 12120 --- [http-nio-8485-exec-2] c.h.l.service.JwtService                 : Extracting username from token
2023-12-18T19:42:38.958+05:30  INFO 12120 --- [http-nio-8485-exec-2] c.h.l.service.JwtService                 : Extracting all claims from token
2023-12-18T19:42:38.969+05:30  INFO 12120 --- [http-nio-8485-exec-2] c.h.l.service.JwtService                 : Extracting username from token
2023-12-18T19:42:38.970+05:30  INFO 12120 --- [http-nio-8485-exec-2] c.h.l.service.JwtService                 : Extracting all claims from token
2023-12-18T19:42:38.971+05:30  INFO 12120 --- [http-nio-8485-exec-2] c.h.l.service.JwtService                 : Checking if token is expired
2023-12-18T19:42:38.972+05:30  INFO 12120 --- [http-nio-8485-exec-2] c.h.l.service.JwtService                 : Extracting expiration from token
2023-12-18T19:42:38.972+05:30  INFO 12120 --- [http-nio-8485-exec-2] c.h.l.service.JwtService                 : Extracting all claims from token
2023-12-18T19:47:30.198+05:30  INFO 12120 --- [http-nio-8485-exec-4] c.h.l.service.JwtService                 : Extracting username from token
2023-12-18T19:47:30.199+05:30  INFO 12120 --- [http-nio-8485-exec-4] c.h.l.service.JwtService                 : Extracting all claims from token
2023-12-18T19:47:30.212+05:30  INFO 12120 --- [http-nio-8485-exec-4] c.h.l.service.JwtService                 : Extracting username from token
2023-12-18T19:47:30.212+05:30  INFO 12120 --- [http-nio-8485-exec-4] c.h.l.service.JwtService                 : Extracting all claims from token
2023-12-18T19:47:30.216+05:30  INFO 12120 --- [http-nio-8485-exec-4] c.h.l.service.JwtService                 : Checking if token is expired
2023-12-18T19:47:30.216+05:30  INFO 12120 --- [http-nio-8485-exec-4] c.h.l.service.JwtService                 : Extracting expiration from token
2023-12-18T19:47:30.216+05:30  INFO 12120 --- [http-nio-8485-exec-4] c.h.l.service.JwtService                 : Extracting all claims from token
2023-12-18T19:47:30.221+05:30  INFO 12120 --- [http-nio-8485-exec-7] c.h.l.service.JwtService                 : Extracting username from token
2023-12-18T19:47:30.221+05:30  INFO 12120 --- [http-nio-8485-exec-7] c.h.l.service.JwtService                 : Extracting all claims from token
2023-12-18T19:47:30.234+05:30  INFO 12120 --- [http-nio-8485-exec-7] c.h.l.service.JwtService                 : Extracting username from token
2023-12-18T19:47:30.234+05:30  INFO 12120 --- [http-nio-8485-exec-7] c.h.l.service.JwtService                 : Extracting all claims from token
2023-12-18T19:47:30.237+05:30  INFO 12120 --- [http-nio-8485-exec-7] c.h.l.service.JwtService                 : Checking if token is expired
2023-12-18T19:47:30.237+05:30  INFO 12120 --- [http-nio-8485-exec-7] c.h.l.service.JwtService                 : Extracting expiration from token
2023-12-18T19:47:30.237+05:30  INFO 12120 --- [http-nio-8485-exec-7] c.h.l.service.JwtService                 : Extracting all claims from token
2023-12-18T19:47:30.259+05:30  INFO 12120 --- [http-nio-8485-exec-6] c.h.l.service.JwtService                 : Extracting username from token
2023-12-18T19:47:30.260+05:30  INFO 12120 --- [http-nio-8485-exec-6] c.h.l.service.JwtService                 : Extracting all claims from token
2023-12-18T19:47:30.272+05:30  INFO 12120 --- [http-nio-8485-exec-6] c.h.l.service.JwtService                 : Extracting username from token
2023-12-18T19:47:30.273+05:30  INFO 12120 --- [http-nio-8485-exec-6] c.h.l.service.JwtService                 : Extracting all claims from token
2023-12-18T19:47:30.277+05:30  INFO 12120 --- [http-nio-8485-exec-6] c.h.l.service.JwtService                 : Checking if token is expired
2023-12-18T19:47:30.277+05:30  INFO 12120 --- [http-nio-8485-exec-6] c.h.l.service.JwtService                 : Extracting expiration from token
2023-12-18T19:47:30.277+05:30  INFO 12120 --- [http-nio-8485-exec-6] c.h.l.service.JwtService                 : Extracting all claims from token
2023-12-18T19:47:30.329+05:30  INFO 12120 --- [http-nio-8485-exec-8] c.h.l.service.JwtService                 : Extracting username from token
2023-12-18T19:47:30.329+05:30  INFO 12120 --- [http-nio-8485-exec-8] c.h.l.service.JwtService                 : Extracting all claims from token
2023-12-18T19:47:30.341+05:30  INFO 12120 --- [http-nio-8485-exec-8] c.h.l.service.JwtService                 : Extracting username from token
2023-12-18T19:47:30.341+05:30  INFO 12120 --- [http-nio-8485-exec-8] c.h.l.service.JwtService                 : Extracting all claims from token
2023-12-18T19:47:30.344+05:30  INFO 12120 --- [http-nio-8485-exec-8] c.h.l.service.JwtService                 : Checking if token is expired
2023-12-18T19:47:30.344+05:30  INFO 12120 --- [http-nio-8485-exec-8] c.h.l.service.JwtService                 : Extracting expiration from token
2023-12-18T19:47:30.344+05:30  INFO 12120 --- [http-nio-8485-exec-8] c.h.l.service.JwtService                 : Extracting all claims from token
2023-12-18T19:49:59.245+05:30  INFO 12120 --- [http-nio-8485-exec-3] c.h.l.service.JwtService                 : Extracting username from token
2023-12-18T19:49:59.245+05:30  INFO 12120 --- [http-nio-8485-exec-3] c.h.l.service.JwtService                 : Extracting all claims from token
2023-12-18T19:49:59.255+05:30  INFO 12120 --- [http-nio-8485-exec-3] c.h.l.service.JwtService                 : Extracting username from token
2023-12-18T19:49:59.255+05:30  INFO 12120 --- [http-nio-8485-exec-3] c.h.l.service.JwtService                 : Extracting all claims from token
2023-12-18T19:49:59.259+05:30  INFO 12120 --- [http-nio-8485-exec-3] c.h.l.service.JwtService                 : Checking if token is expired
2023-12-18T19:49:59.259+05:30  INFO 12120 --- [http-nio-8485-exec-3] c.h.l.service.JwtService                 : Extracting expiration from token
2023-12-18T19:49:59.259+05:30  INFO 12120 --- [http-nio-8485-exec-3] c.h.l.service.JwtService                 : Extracting all claims from token
2023-12-18T19:49:59.300+05:30  INFO 12120 --- [http-nio-8485-exec-2] c.h.l.service.JwtService                 : Extracting username from token
2023-12-18T19:49:59.301+05:30  INFO 12120 --- [http-nio-8485-exec-2] c.h.l.service.JwtService                 : Extracting all claims from token
2023-12-18T19:49:59.307+05:30  INFO 12120 --- [http-nio-8485-exec-5] c.h.l.service.JwtService                 : Extracting username from token
2023-12-18T19:49:59.307+05:30  INFO 12120 --- [http-nio-8485-exec-5] c.h.l.service.JwtService                 : Extracting all claims from token
2023-12-18T19:49:59.312+05:30  INFO 12120 --- [http-nio-8485-exec-2] c.h.l.service.JwtService                 : Extracting username from token
2023-12-18T19:49:59.313+05:30  INFO 12120 --- [http-nio-8485-exec-2] c.h.l.service.JwtService                 : Extracting all claims from token
2023-12-18T19:49:59.315+05:30  INFO 12120 --- [http-nio-8485-exec-2] c.h.l.service.JwtService                 : Checking if token is expired
2023-12-18T19:49:59.315+05:30  INFO 12120 --- [http-nio-8485-exec-2] c.h.l.service.JwtService                 : Extracting expiration from token
2023-12-18T19:49:59.315+05:30  INFO 12120 --- [http-nio-8485-exec-2] c.h.l.service.JwtService                 : Extracting all claims from token
2023-12-18T19:49:59.318+05:30  INFO 12120 --- [http-nio-8485-exec-5] c.h.l.service.JwtService                 : Extracting username from token
2023-12-18T19:49:59.318+05:30  INFO 12120 --- [http-nio-8485-exec-5] c.h.l.service.JwtService                 : Extracting all claims from token
2023-12-18T19:49:59.319+05:30  INFO 12120 --- [http-nio-8485-exec-5] c.h.l.service.JwtService                 : Checking if token is expired
2023-12-18T19:49:59.320+05:30  INFO 12120 --- [http-nio-8485-exec-5] c.h.l.service.JwtService                 : Extracting expiration from token
2023-12-18T19:49:59.321+05:30  INFO 12120 --- [http-nio-8485-exec-5] c.h.l.service.JwtService                 : Extracting all claims from token
2023-12-18T19:49:59.347+05:30  INFO 12120 --- [http-nio-8485-exec-1] c.h.l.service.JwtService                 : Extracting username from token
2023-12-18T19:49:59.348+05:30  INFO 12120 --- [http-nio-8485-exec-1] c.h.l.service.JwtService                 : Extracting all claims from token
2023-12-18T19:49:59.355+05:30  INFO 12120 --- [http-nio-8485-exec-1] c.h.l.service.JwtService                 : Extracting username from token
2023-12-18T19:49:59.356+05:30  INFO 12120 --- [http-nio-8485-exec-1] c.h.l.service.JwtService                 : Extracting all claims from token
2023-12-18T19:49:59.358+05:30  INFO 12120 --- [http-nio-8485-exec-1] c.h.l.service.JwtService                 : Checking if token is expired
2023-12-18T19:49:59.358+05:30  INFO 12120 --- [http-nio-8485-exec-1] c.h.l.service.JwtService                 : Extracting expiration from token
2023-12-18T19:49:59.358+05:30  INFO 12120 --- [http-nio-8485-exec-1] c.h.l.service.JwtService                 : Extracting all claims from token
2023-12-18T19:59:29.545+05:30  INFO 12120 --- [http-nio-8485-exec-8] c.h.l.service.JwtService                 : Extracting username from token
2023-12-18T19:59:29.546+05:30  INFO 12120 --- [http-nio-8485-exec-8] c.h.l.service.JwtService                 : Extracting all claims from token
2023-12-18T19:59:29.546+05:30  INFO 12120 --- [http-nio-8485-exec-10] c.h.l.service.JwtService                 : Extracting username from token
2023-12-18T19:59:29.546+05:30  INFO 12120 --- [http-nio-8485-exec-10] c.h.l.service.JwtService                 : Extracting all claims from token
2023-12-18T19:59:29.558+05:30  INFO 12120 --- [http-nio-8485-exec-10] c.h.l.service.JwtService                 : Extracting username from token
2023-12-18T19:59:29.558+05:30  INFO 12120 --- [http-nio-8485-exec-10] c.h.l.service.JwtService                 : Extracting all claims from token
2023-12-18T19:59:29.558+05:30  INFO 12120 --- [http-nio-8485-exec-8] c.h.l.service.JwtService                 : Extracting username from token
2023-12-18T19:59:29.558+05:30  INFO 12120 --- [http-nio-8485-exec-8] c.h.l.service.JwtService                 : Extracting all claims from token
2023-12-18T19:59:29.560+05:30  INFO 12120 --- [http-nio-8485-exec-10] c.h.l.service.JwtService                 : Checking if token is expired
2023-12-18T19:59:29.560+05:30  INFO 12120 --- [http-nio-8485-exec-10] c.h.l.service.JwtService                 : Extracting expiration from token
2023-12-18T19:59:29.560+05:30  INFO 12120 --- [http-nio-8485-exec-10] c.h.l.service.JwtService                 : Extracting all claims from token
2023-12-18T19:59:29.560+05:30  INFO 12120 --- [http-nio-8485-exec-8] c.h.l.service.JwtService                 : Checking if token is expired
2023-12-18T19:59:29.560+05:30  INFO 12120 --- [http-nio-8485-exec-8] c.h.l.service.JwtService                 : Extracting expiration from token
2023-12-18T19:59:29.560+05:30  INFO 12120 --- [http-nio-8485-exec-8] c.h.l.service.JwtService                 : Extracting all claims from token
2023-12-18T19:59:29.854+05:30  INFO 12120 --- [http-nio-8485-exec-9] c.h.l.service.JwtService                 : Extracting username from token
2023-12-18T19:59:29.854+05:30  INFO 12120 --- [http-nio-8485-exec-9] c.h.l.service.JwtService                 : Extracting all claims from token
2023-12-18T19:59:29.865+05:30  INFO 12120 --- [http-nio-8485-exec-9] c.h.l.service.JwtService                 : Extracting username from token
2023-12-18T19:59:29.865+05:30  INFO 12120 --- [http-nio-8485-exec-9] c.h.l.service.JwtService                 : Extracting all claims from token
2023-12-18T19:59:29.868+05:30  INFO 12120 --- [http-nio-8485-exec-9] c.h.l.service.JwtService                 : Checking if token is expired
2023-12-18T19:59:29.868+05:30  INFO 12120 --- [http-nio-8485-exec-9] c.h.l.service.JwtService                 : Extracting expiration from token
2023-12-18T19:59:29.868+05:30  INFO 12120 --- [http-nio-8485-exec-9] c.h.l.service.JwtService                 : Extracting all claims from token
2023-12-18T19:59:29.871+05:30  INFO 12120 --- [http-nio-8485-exec-3] c.h.l.service.JwtService                 : Extracting username from token
2023-12-18T19:59:29.871+05:30  INFO 12120 --- [http-nio-8485-exec-3] c.h.l.service.JwtService                 : Extracting all claims from token
2023-12-18T19:59:29.894+05:30  INFO 12120 --- [http-nio-8485-exec-3] c.h.l.service.JwtService                 : Extracting username from token
2023-12-18T19:59:29.894+05:30  INFO 12120 --- [http-nio-8485-exec-3] c.h.l.service.JwtService                 : Extracting all claims from token
2023-12-18T19:59:29.896+05:30  INFO 12120 --- [http-nio-8485-exec-3] c.h.l.service.JwtService                 : Checking if token is expired
2023-12-18T19:59:29.896+05:30  INFO 12120 --- [http-nio-8485-exec-3] c.h.l.service.JwtService                 : Extracting expiration from token
2023-12-18T19:59:29.897+05:30  INFO 12120 --- [http-nio-8485-exec-3] c.h.l.service.JwtService                 : Extracting all claims from token
2023-12-18T19:59:51.192+05:30  INFO 12120 --- [http-nio-8485-exec-2] c.h.l.service.JwtService                 : Extracting username from token
2023-12-18T19:59:51.192+05:30  INFO 12120 --- [http-nio-8485-exec-2] c.h.l.service.JwtService                 : Extracting all claims from token
2023-12-18T19:59:51.204+05:30  INFO 12120 --- [http-nio-8485-exec-2] c.h.l.service.JwtService                 : Extracting username from token
2023-12-18T19:59:51.204+05:30  INFO 12120 --- [http-nio-8485-exec-2] c.h.l.service.JwtService                 : Extracting all claims from token
2023-12-18T19:59:51.204+05:30  INFO 12120 --- [http-nio-8485-exec-5] c.h.l.service.JwtService                 : Extracting username from token
2023-12-18T19:59:51.205+05:30  INFO 12120 --- [http-nio-8485-exec-5] c.h.l.service.JwtService                 : Extracting all claims from token
2023-12-18T19:59:51.207+05:30  INFO 12120 --- [http-nio-8485-exec-2] c.h.l.service.JwtService                 : Checking if token is expired
2023-12-18T19:59:51.207+05:30  INFO 12120 --- [http-nio-8485-exec-2] c.h.l.service.JwtService                 : Extracting expiration from token
2023-12-18T19:59:51.207+05:30  INFO 12120 --- [http-nio-8485-exec-2] c.h.l.service.JwtService                 : Extracting all claims from token
2023-12-18T19:59:51.214+05:30  INFO 12120 --- [http-nio-8485-exec-5] c.h.l.service.JwtService                 : Extracting username from token
2023-12-18T19:59:51.214+05:30  INFO 12120 --- [http-nio-8485-exec-5] c.h.l.service.JwtService                 : Extracting all claims from token
2023-12-18T19:59:51.216+05:30  INFO 12120 --- [http-nio-8485-exec-5] c.h.l.service.JwtService                 : Checking if token is expired
2023-12-18T19:59:51.217+05:30  INFO 12120 --- [http-nio-8485-exec-5] c.h.l.service.JwtService                 : Extracting expiration from token
2023-12-18T19:59:51.217+05:30  INFO 12120 --- [http-nio-8485-exec-5] c.h.l.service.JwtService                 : Extracting all claims from token
2023-12-18T20:00:54.156+05:30  INFO 12120 --- [http-nio-8485-exec-6] c.h.l.service.JwtService                 : Extracting username from token
2023-12-18T20:00:54.157+05:30  INFO 12120 --- [http-nio-8485-exec-6] c.h.l.service.JwtService                 : Extracting all claims from token
2023-12-18T20:00:54.168+05:30  INFO 12120 --- [http-nio-8485-exec-6] c.h.l.service.JwtService                 : Extracting username from token
2023-12-18T20:00:54.168+05:30  INFO 12120 --- [http-nio-8485-exec-6] c.h.l.service.JwtService                 : Extracting all claims from token
2023-12-18T20:00:54.172+05:30  INFO 12120 --- [http-nio-8485-exec-6] c.h.l.service.JwtService                 : Checking if token is expired
2023-12-18T20:00:54.172+05:30  INFO 12120 --- [http-nio-8485-exec-6] c.h.l.service.JwtService                 : Extracting expiration from token
2023-12-18T20:00:54.172+05:30  INFO 12120 --- [http-nio-8485-exec-6] c.h.l.service.JwtService                 : Extracting all claims from token
2023-12-18T20:00:54.173+05:30  INFO 12120 --- [http-nio-8485-exec-10] c.h.l.service.JwtService                 : Extracting username from token
2023-12-18T20:00:54.174+05:30  INFO 12120 --- [http-nio-8485-exec-10] c.h.l.service.JwtService                 : Extracting all claims from token
2023-12-18T20:00:54.189+05:30  INFO 12120 --- [http-nio-8485-exec-10] c.h.l.service.JwtService                 : Extracting username from token
2023-12-18T20:00:54.190+05:30  INFO 12120 --- [http-nio-8485-exec-10] c.h.l.service.JwtService                 : Extracting all claims from token
2023-12-18T20:00:54.193+05:30  INFO 12120 --- [http-nio-8485-exec-10] c.h.l.service.JwtService                 : Checking if token is expired
2023-12-18T20:00:54.193+05:30  INFO 12120 --- [http-nio-8485-exec-10] c.h.l.service.JwtService                 : Extracting expiration from token
2023-12-18T20:00:54.193+05:30  INFO 12120 --- [http-nio-8485-exec-10] c.h.l.service.JwtService                 : Extracting all claims from token
2023-12-18T20:00:54.283+05:30  INFO 12120 --- [http-nio-8485-exec-8] c.h.l.service.JwtService                 : Extracting username from token
2023-12-18T20:00:54.283+05:30  INFO 12120 --- [http-nio-8485-exec-8] c.h.l.service.JwtService                 : Extracting all claims from token
2023-12-18T20:00:54.295+05:30  INFO 12120 --- [http-nio-8485-exec-8] c.h.l.service.JwtService                 : Extracting username from token
2023-12-18T20:00:54.295+05:30  INFO 12120 --- [http-nio-8485-exec-8] c.h.l.service.JwtService                 : Extracting all claims from token
2023-12-18T20:00:54.297+05:30  INFO 12120 --- [http-nio-8485-exec-8] c.h.l.service.JwtService                 : Checking if token is expired
2023-12-18T20:00:54.297+05:30  INFO 12120 --- [http-nio-8485-exec-8] c.h.l.service.JwtService                 : Extracting expiration from token
2023-12-18T20:00:54.297+05:30  INFO 12120 --- [http-nio-8485-exec-8] c.h.l.service.JwtService                 : Extracting all claims from token
2023-12-18T20:00:54.332+05:30  INFO 12120 --- [http-nio-8485-exec-9] c.h.l.service.JwtService                 : Extracting username from token
2023-12-18T20:00:54.334+05:30  INFO 12120 --- [http-nio-8485-exec-9] c.h.l.service.JwtService                 : Extracting all claims from token
2023-12-18T20:00:54.356+05:30  INFO 12120 --- [http-nio-8485-exec-9] c.h.l.service.JwtService                 : Extracting username from token
2023-12-18T20:00:54.356+05:30  INFO 12120 --- [http-nio-8485-exec-9] c.h.l.service.JwtService                 : Extracting all claims from token
2023-12-18T20:00:54.359+05:30  INFO 12120 --- [http-nio-8485-exec-9] c.h.l.service.JwtService                 : Checking if token is expired
2023-12-18T20:00:54.360+05:30  INFO 12120 --- [http-nio-8485-exec-9] c.h.l.service.JwtService                 : Extracting expiration from token
2023-12-18T20:00:54.360+05:30  INFO 12120 --- [http-nio-8485-exec-9] c.h.l.service.JwtService                 : Extracting all claims from token
2023-12-18T20:07:45.956+05:30  INFO 12120 --- [http-nio-8485-exec-5] c.h.l.service.JwtService                 : Extracting username from token
2023-12-18T20:07:45.956+05:30  INFO 12120 --- [http-nio-8485-exec-5] c.h.l.service.JwtService                 : Extracting all claims from token
2023-12-18T20:07:45.970+05:30  INFO 12120 --- [http-nio-8485-exec-5] c.h.l.service.JwtService                 : Extracting username from token
2023-12-18T20:07:45.970+05:30  INFO 12120 --- [http-nio-8485-exec-5] c.h.l.service.JwtService                 : Extracting all claims from token
2023-12-18T20:07:45.972+05:30  INFO 12120 --- [http-nio-8485-exec-5] c.h.l.service.JwtService                 : Checking if token is expired
2023-12-18T20:07:45.972+05:30  INFO 12120 --- [http-nio-8485-exec-5] c.h.l.service.JwtService                 : Extracting expiration from token
2023-12-18T20:07:45.972+05:30  INFO 12120 --- [http-nio-8485-exec-5] c.h.l.service.JwtService                 : Extracting all claims from token
2023-12-18T20:07:46.281+05:30  INFO 12120 --- [http-nio-8485-exec-1] c.h.l.service.JwtService                 : Extracting username from token
2023-12-18T20:07:46.281+05:30  INFO 12120 --- [http-nio-8485-exec-1] c.h.l.service.JwtService                 : Extracting all claims from token
2023-12-18T20:07:46.288+05:30  INFO 12120 --- [http-nio-8485-exec-1] c.h.l.service.JwtService                 : Extracting username from token
2023-12-18T20:07:46.288+05:30  INFO 12120 --- [http-nio-8485-exec-1] c.h.l.service.JwtService                 : Extracting all claims from token
2023-12-18T20:07:46.291+05:30  INFO 12120 --- [http-nio-8485-exec-1] c.h.l.service.JwtService                 : Checking if token is expired
2023-12-18T20:07:46.291+05:30  INFO 12120 --- [http-nio-8485-exec-1] c.h.l.service.JwtService                 : Extracting expiration from token
2023-12-18T20:07:46.291+05:30  INFO 12120 --- [http-nio-8485-exec-1] c.h.l.service.JwtService                 : Extracting all claims from token
2023-12-18T20:07:46.370+05:30  INFO 12120 --- [http-nio-8485-exec-4] c.h.l.service.JwtService                 : Extracting username from token
2023-12-18T20:07:46.370+05:30  INFO 12120 --- [http-nio-8485-exec-4] c.h.l.service.JwtService                 : Extracting all claims from token
2023-12-18T20:07:46.379+05:30  INFO 12120 --- [http-nio-8485-exec-4] c.h.l.service.JwtService                 : Extracting username from token
2023-12-18T20:07:46.379+05:30  INFO 12120 --- [http-nio-8485-exec-4] c.h.l.service.JwtService                 : Extracting all claims from token
2023-12-18T20:07:46.381+05:30  INFO 12120 --- [http-nio-8485-exec-4] c.h.l.service.JwtService                 : Checking if token is expired
2023-12-18T20:07:46.381+05:30  INFO 12120 --- [http-nio-8485-exec-4] c.h.l.service.JwtService                 : Extracting expiration from token
2023-12-18T20:07:46.381+05:30  INFO 12120 --- [http-nio-8485-exec-4] c.h.l.service.JwtService                 : Extracting all claims from token
2023-12-18T20:07:47.036+05:30  INFO 12120 --- [http-nio-8485-exec-6] c.h.l.service.JwtService                 : Extracting username from token
2023-12-18T20:07:47.036+05:30  INFO 12120 --- [http-nio-8485-exec-6] c.h.l.service.JwtService                 : Extracting all claims from token
2023-12-18T20:07:47.047+05:30  INFO 12120 --- [http-nio-8485-exec-6] c.h.l.service.JwtService                 : Extracting username from token
2023-12-18T20:07:47.047+05:30  INFO 12120 --- [http-nio-8485-exec-6] c.h.l.service.JwtService                 : Extracting all claims from token
2023-12-18T20:07:47.050+05:30  INFO 12120 --- [http-nio-8485-exec-6] c.h.l.service.JwtService                 : Checking if token is expired
2023-12-18T20:07:47.051+05:30  INFO 12120 --- [http-nio-8485-exec-6] c.h.l.service.JwtService                 : Extracting expiration from token
2023-12-18T20:07:47.051+05:30  INFO 12120 --- [http-nio-8485-exec-6] c.h.l.service.JwtService                 : Extracting all claims from token
2023-12-18T20:09:14.831+05:30  INFO 12120 --- [http-nio-8485-exec-8] c.h.l.service.JwtService                 : Extracting username from token
2023-12-18T20:09:14.832+05:30  INFO 12120 --- [http-nio-8485-exec-8] c.h.l.service.JwtService                 : Extracting all claims from token
2023-12-18T20:09:14.842+05:30  INFO 12120 --- [http-nio-8485-exec-8] c.h.l.service.JwtService                 : Extracting username from token
2023-12-18T20:09:14.842+05:30  INFO 12120 --- [http-nio-8485-exec-8] c.h.l.service.JwtService                 : Extracting all claims from token
2023-12-18T20:09:14.844+05:30  INFO 12120 --- [http-nio-8485-exec-8] c.h.l.service.JwtService                 : Checking if token is expired
2023-12-18T20:09:14.844+05:30  INFO 12120 --- [http-nio-8485-exec-8] c.h.l.service.JwtService                 : Extracting expiration from token
2023-12-18T20:09:14.844+05:30  INFO 12120 --- [http-nio-8485-exec-8] c.h.l.service.JwtService                 : Extracting all claims from token
2023-12-18T20:09:15.114+05:30  INFO 12120 --- [http-nio-8485-exec-9] c.h.l.service.JwtService                 : Extracting username from token
2023-12-18T20:09:15.114+05:30  INFO 12120 --- [http-nio-8485-exec-9] c.h.l.service.JwtService                 : Extracting all claims from token
2023-12-18T20:09:15.123+05:30  INFO 12120 --- [http-nio-8485-exec-9] c.h.l.service.JwtService                 : Extracting username from token
2023-12-18T20:09:15.123+05:30  INFO 12120 --- [http-nio-8485-exec-9] c.h.l.service.JwtService                 : Extracting all claims from token
2023-12-18T20:09:15.125+05:30  INFO 12120 --- [http-nio-8485-exec-9] c.h.l.service.JwtService                 : Checking if token is expired
2023-12-18T20:09:15.125+05:30  INFO 12120 --- [http-nio-8485-exec-9] c.h.l.service.JwtService                 : Extracting expiration from token
2023-12-18T20:09:15.125+05:30  INFO 12120 --- [http-nio-8485-exec-9] c.h.l.service.JwtService                 : Extracting all claims from token
2023-12-18T20:09:15.293+05:30  INFO 12120 --- [http-nio-8485-exec-3] c.h.l.service.JwtService                 : Extracting username from token
2023-12-18T20:09:15.294+05:30  INFO 12120 --- [http-nio-8485-exec-3] c.h.l.service.JwtService                 : Extracting all claims from token
2023-12-18T20:09:15.304+05:30  INFO 12120 --- [http-nio-8485-exec-3] c.h.l.service.JwtService                 : Extracting username from token
2023-12-18T20:09:15.304+05:30  INFO 12120 --- [http-nio-8485-exec-3] c.h.l.service.JwtService                 : Extracting all claims from token
2023-12-18T20:09:15.306+05:30  INFO 12120 --- [http-nio-8485-exec-3] c.h.l.service.JwtService                 : Checking if token is expired
2023-12-18T20:09:15.306+05:30  INFO 12120 --- [http-nio-8485-exec-3] c.h.l.service.JwtService                 : Extracting expiration from token
2023-12-18T20:09:15.306+05:30  INFO 12120 --- [http-nio-8485-exec-3] c.h.l.service.JwtService                 : Extracting all claims from token
2023-12-18T20:09:15.897+05:30  INFO 12120 --- [http-nio-8485-exec-2] c.h.l.service.JwtService                 : Extracting username from token
2023-12-18T20:09:15.897+05:30  INFO 12120 --- [http-nio-8485-exec-2] c.h.l.service.JwtService                 : Extracting all claims from token
2023-12-18T20:09:15.908+05:30  INFO 12120 --- [http-nio-8485-exec-2] c.h.l.service.JwtService                 : Extracting username from token
2023-12-18T20:09:15.908+05:30  INFO 12120 --- [http-nio-8485-exec-2] c.h.l.service.JwtService                 : Extracting all claims from token
2023-12-18T20:09:15.910+05:30  INFO 12120 --- [http-nio-8485-exec-2] c.h.l.service.JwtService                 : Checking if token is expired
2023-12-18T20:09:15.910+05:30  INFO 12120 --- [http-nio-8485-exec-2] c.h.l.service.JwtService                 : Extracting expiration from token
2023-12-18T20:09:15.910+05:30  INFO 12120 --- [http-nio-8485-exec-2] c.h.l.service.JwtService                 : Extracting all claims from token
2023-12-18T20:09:56.032+05:30  INFO 12120 --- [http-nio-8485-exec-5] c.h.l.service.JwtService                 : Extracting username from token
2023-12-18T20:09:56.032+05:30  INFO 12120 --- [http-nio-8485-exec-5] c.h.l.service.JwtService                 : Extracting all claims from token
2023-12-18T20:09:56.041+05:30  INFO 12120 --- [http-nio-8485-exec-5] c.h.l.service.JwtService                 : Extracting username from token
2023-12-18T20:09:56.041+05:30  INFO 12120 --- [http-nio-8485-exec-5] c.h.l.service.JwtService                 : Extracting all claims from token
2023-12-18T20:09:56.043+05:30  INFO 12120 --- [http-nio-8485-exec-5] c.h.l.service.JwtService                 : Checking if token is expired
2023-12-18T20:09:56.043+05:30  INFO 12120 --- [http-nio-8485-exec-5] c.h.l.service.JwtService                 : Extracting expiration from token
2023-12-18T20:09:56.043+05:30  INFO 12120 --- [http-nio-8485-exec-5] c.h.l.service.JwtService                 : Extracting all claims from token
2023-12-18T20:09:56.076+05:30  INFO 12120 --- [http-nio-8485-exec-1] c.h.l.service.JwtService                 : Extracting username from token
2023-12-18T20:09:56.076+05:30  INFO 12120 --- [http-nio-8485-exec-1] c.h.l.service.JwtService                 : Extracting all claims from token
2023-12-18T20:09:56.085+05:30  INFO 12120 --- [http-nio-8485-exec-1] c.h.l.service.JwtService                 : Extracting username from token
2023-12-18T20:09:56.086+05:30  INFO 12120 --- [http-nio-8485-exec-1] c.h.l.service.JwtService                 : Extracting all claims from token
2023-12-18T20:09:56.088+05:30  INFO 12120 --- [http-nio-8485-exec-1] c.h.l.service.JwtService                 : Checking if token is expired
2023-12-18T20:09:56.088+05:30  INFO 12120 --- [http-nio-8485-exec-1] c.h.l.service.JwtService                 : Extracting expiration from token
2023-12-18T20:09:56.088+05:30  INFO 12120 --- [http-nio-8485-exec-1] c.h.l.service.JwtService                 : Extracting all claims from token
2023-12-18T20:09:57.636+05:30  INFO 12120 --- [http-nio-8485-exec-7] c.h.l.service.JwtService                 : Extracting username from token
2023-12-18T20:09:57.637+05:30  INFO 12120 --- [http-nio-8485-exec-7] c.h.l.service.JwtService                 : Extracting all claims from token
2023-12-18T20:09:57.645+05:30  INFO 12120 --- [http-nio-8485-exec-7] c.h.l.service.JwtService                 : Extracting username from token
2023-12-18T20:09:57.645+05:30  INFO 12120 --- [http-nio-8485-exec-7] c.h.l.service.JwtService                 : Extracting all claims from token
2023-12-18T20:09:57.646+05:30  INFO 12120 --- [http-nio-8485-exec-7] c.h.l.service.JwtService                 : Checking if token is expired
2023-12-18T20:09:57.647+05:30  INFO 12120 --- [http-nio-8485-exec-7] c.h.l.service.JwtService                 : Extracting expiration from token
2023-12-18T20:09:57.647+05:30  INFO 12120 --- [http-nio-8485-exec-7] c.h.l.service.JwtService                 : Extracting all claims from token
2023-12-18T20:09:57.770+05:30  INFO 12120 --- [http-nio-8485-exec-4] c.h.l.service.JwtService                 : Extracting username from token
2023-12-18T20:09:57.770+05:30  INFO 12120 --- [http-nio-8485-exec-4] c.h.l.service.JwtService                 : Extracting all claims from token
2023-12-18T20:09:57.782+05:30  INFO 12120 --- [http-nio-8485-exec-4] c.h.l.service.JwtService                 : Extracting username from token
2023-12-18T20:09:57.782+05:30  INFO 12120 --- [http-nio-8485-exec-4] c.h.l.service.JwtService                 : Extracting all claims from token
2023-12-18T20:09:57.784+05:30  INFO 12120 --- [http-nio-8485-exec-4] c.h.l.service.JwtService                 : Checking if token is expired
2023-12-18T20:09:57.785+05:30  INFO 12120 --- [http-nio-8485-exec-4] c.h.l.service.JwtService                 : Extracting expiration from token
2023-12-18T20:09:57.785+05:30  INFO 12120 --- [http-nio-8485-exec-4] c.h.l.service.JwtService                 : Extracting all claims from token
2023-12-18T20:11:46.701+05:30  INFO 12120 --- [http-nio-8485-exec-10] c.h.l.service.JwtService                 : Extracting username from token
2023-12-18T20:11:46.701+05:30  INFO 12120 --- [http-nio-8485-exec-10] c.h.l.service.JwtService                 : Extracting all claims from token
2023-12-18T20:11:46.710+05:30  INFO 12120 --- [http-nio-8485-exec-10] c.h.l.service.JwtService                 : Extracting username from token
2023-12-18T20:11:46.710+05:30  INFO 12120 --- [http-nio-8485-exec-10] c.h.l.service.JwtService                 : Extracting all claims from token
2023-12-18T20:11:46.711+05:30  INFO 12120 --- [http-nio-8485-exec-10] c.h.l.service.JwtService                 : Checking if token is expired
2023-12-18T20:11:46.711+05:30  INFO 12120 --- [http-nio-8485-exec-10] c.h.l.service.JwtService                 : Extracting expiration from token
2023-12-18T20:11:46.712+05:30  INFO 12120 --- [http-nio-8485-exec-10] c.h.l.service.JwtService                 : Extracting all claims from token
2023-12-18T20:11:46.786+05:30  INFO 12120 --- [http-nio-8485-exec-8] c.h.l.service.JwtService                 : Extracting username from token
2023-12-18T20:11:46.786+05:30  INFO 12120 --- [http-nio-8485-exec-8] c.h.l.service.JwtService                 : Extracting all claims from token
2023-12-18T20:11:46.795+05:30  INFO 12120 --- [http-nio-8485-exec-8] c.h.l.service.JwtService                 : Extracting username from token
2023-12-18T20:11:46.795+05:30  INFO 12120 --- [http-nio-8485-exec-8] c.h.l.service.JwtService                 : Extracting all claims from token
2023-12-18T20:11:46.797+05:30  INFO 12120 --- [http-nio-8485-exec-8] c.h.l.service.JwtService                 : Checking if token is expired
2023-12-18T20:11:46.797+05:30  INFO 12120 --- [http-nio-8485-exec-8] c.h.l.service.JwtService                 : Extracting expiration from token
2023-12-18T20:11:46.797+05:30  INFO 12120 --- [http-nio-8485-exec-8] c.h.l.service.JwtService                 : Extracting all claims from token
2023-12-18T20:11:47.649+05:30  INFO 12120 --- [http-nio-8485-exec-9] c.h.l.service.JwtService                 : Extracting username from token
2023-12-18T20:11:47.650+05:30  INFO 12120 --- [http-nio-8485-exec-9] c.h.l.service.JwtService                 : Extracting all claims from token
2023-12-18T20:11:47.658+05:30  INFO 12120 --- [http-nio-8485-exec-9] c.h.l.service.JwtService                 : Extracting username from token
2023-12-18T20:11:47.659+05:30  INFO 12120 --- [http-nio-8485-exec-9] c.h.l.service.JwtService                 : Extracting all claims from token
2023-12-18T20:11:47.660+05:30  INFO 12120 --- [http-nio-8485-exec-9] c.h.l.service.JwtService                 : Checking if token is expired
2023-12-18T20:11:47.661+05:30  INFO 12120 --- [http-nio-8485-exec-9] c.h.l.service.JwtService                 : Extracting expiration from token
2023-12-18T20:11:47.661+05:30  INFO 12120 --- [http-nio-8485-exec-9] c.h.l.service.JwtService                 : Extracting all claims from token
2023-12-18T20:11:48.076+05:30  INFO 12120 --- [http-nio-8485-exec-3] c.h.l.service.JwtService                 : Extracting username from token
2023-12-18T20:11:48.076+05:30  INFO 12120 --- [http-nio-8485-exec-3] c.h.l.service.JwtService                 : Extracting all claims from token
2023-12-18T20:11:48.084+05:30  INFO 12120 --- [http-nio-8485-exec-3] c.h.l.service.JwtService                 : Extracting username from token
2023-12-18T20:11:48.084+05:30  INFO 12120 --- [http-nio-8485-exec-3] c.h.l.service.JwtService                 : Extracting all claims from token
2023-12-18T20:11:48.088+05:30  INFO 12120 --- [http-nio-8485-exec-3] c.h.l.service.JwtService                 : Checking if token is expired
2023-12-18T20:11:48.088+05:30  INFO 12120 --- [http-nio-8485-exec-3] c.h.l.service.JwtService                 : Extracting expiration from token
2023-12-18T20:11:48.089+05:30  INFO 12120 --- [http-nio-8485-exec-3] c.h.l.service.JwtService                 : Extracting all claims from token
2023-12-18T20:11:52.963+05:30  INFO 12120 --- [http-nio-8485-exec-2] c.h.l.service.JwtService                 : Extracting username from token
2023-12-18T20:11:52.964+05:30  INFO 12120 --- [http-nio-8485-exec-2] c.h.l.service.JwtService                 : Extracting all claims from token
2023-12-18T20:11:52.980+05:30  INFO 12120 --- [http-nio-8485-exec-2] c.h.l.service.JwtService                 : Extracting username from token
2023-12-18T20:11:52.981+05:30  INFO 12120 --- [http-nio-8485-exec-2] c.h.l.service.JwtService                 : Extracting all claims from token
2023-12-18T20:11:52.982+05:30  INFO 12120 --- [http-nio-8485-exec-2] c.h.l.service.JwtService                 : Checking if token is expired
2023-12-18T20:11:52.982+05:30  INFO 12120 --- [http-nio-8485-exec-2] c.h.l.service.JwtService                 : Extracting expiration from token
2023-12-18T20:11:52.983+05:30  INFO 12120 --- [http-nio-8485-exec-2] c.h.l.service.JwtService                 : Extracting all claims from token
2023-12-18T20:11:53.008+05:30  INFO 12120 --- [http-nio-8485-exec-5] c.h.l.service.JwtService                 : Extracting username from token
2023-12-18T20:11:53.008+05:30  INFO 12120 --- [http-nio-8485-exec-5] c.h.l.service.JwtService                 : Extracting all claims from token
2023-12-18T20:11:53.016+05:30  INFO 12120 --- [http-nio-8485-exec-5] c.h.l.service.JwtService                 : Extracting username from token
2023-12-18T20:11:53.017+05:30  INFO 12120 --- [http-nio-8485-exec-5] c.h.l.service.JwtService                 : Extracting all claims from token
2023-12-18T20:11:53.021+05:30  INFO 12120 --- [http-nio-8485-exec-5] c.h.l.service.JwtService                 : Checking if token is expired
2023-12-18T20:11:53.021+05:30  INFO 12120 --- [http-nio-8485-exec-5] c.h.l.service.JwtService                 : Extracting expiration from token
2023-12-18T20:11:53.021+05:30  INFO 12120 --- [http-nio-8485-exec-5] c.h.l.service.JwtService                 : Extracting all claims from token
2023-12-18T20:12:20.647+05:30  INFO 12120 --- [http-nio-8485-exec-1] c.h.l.service.JwtService                 : Extracting username from token
2023-12-18T20:12:20.648+05:30  INFO 12120 --- [http-nio-8485-exec-1] c.h.l.service.JwtService                 : Extracting all claims from token
2023-12-18T20:12:20.657+05:30  INFO 12120 --- [http-nio-8485-exec-1] c.h.l.service.JwtService                 : Extracting username from token
2023-12-18T20:12:20.657+05:30  INFO 12120 --- [http-nio-8485-exec-1] c.h.l.service.JwtService                 : Extracting all claims from token
2023-12-18T20:12:20.660+05:30  INFO 12120 --- [http-nio-8485-exec-1] c.h.l.service.JwtService                 : Checking if token is expired
2023-12-18T20:12:20.660+05:30  INFO 12120 --- [http-nio-8485-exec-1] c.h.l.service.JwtService                 : Extracting expiration from token
2023-12-18T20:12:20.660+05:30  INFO 12120 --- [http-nio-8485-exec-1] c.h.l.service.JwtService                 : Extracting all claims from token
2023-12-18T20:12:20.722+05:30  INFO 12120 --- [http-nio-8485-exec-7] c.h.l.service.JwtService                 : Extracting username from token
2023-12-18T20:12:20.722+05:30  INFO 12120 --- [http-nio-8485-exec-7] c.h.l.service.JwtService                 : Extracting all claims from token
2023-12-18T20:12:20.730+05:30  INFO 12120 --- [http-nio-8485-exec-7] c.h.l.service.JwtService                 : Extracting username from token
2023-12-18T20:12:20.730+05:30  INFO 12120 --- [http-nio-8485-exec-7] c.h.l.service.JwtService                 : Extracting all claims from token
2023-12-18T20:12:20.733+05:30  INFO 12120 --- [http-nio-8485-exec-7] c.h.l.service.JwtService                 : Checking if token is expired
2023-12-18T20:12:20.734+05:30  INFO 12120 --- [http-nio-8485-exec-7] c.h.l.service.JwtService                 : Extracting expiration from token
2023-12-18T20:12:20.734+05:30  INFO 12120 --- [http-nio-8485-exec-7] c.h.l.service.JwtService                 : Extracting all claims from token
2023-12-18T20:12:21.757+05:30  INFO 12120 --- [http-nio-8485-exec-4] c.h.l.service.JwtService                 : Extracting username from token
2023-12-18T20:12:21.757+05:30  INFO 12120 --- [http-nio-8485-exec-4] c.h.l.service.JwtService                 : Extracting all claims from token
2023-12-18T20:12:21.771+05:30  INFO 12120 --- [http-nio-8485-exec-4] c.h.l.service.JwtService                 : Extracting username from token
2023-12-18T20:12:21.774+05:30  INFO 12120 --- [http-nio-8485-exec-4] c.h.l.service.JwtService                 : Extracting all claims from token
2023-12-18T20:12:21.776+05:30  INFO 12120 --- [http-nio-8485-exec-4] c.h.l.service.JwtService                 : Checking if token is expired
2023-12-18T20:12:21.776+05:30  INFO 12120 --- [http-nio-8485-exec-4] c.h.l.service.JwtService                 : Extracting expiration from token
2023-12-18T20:12:21.777+05:30  INFO 12120 --- [http-nio-8485-exec-4] c.h.l.service.JwtService                 : Extracting all claims from token
2023-12-18T20:12:21.940+05:30  INFO 12120 --- [http-nio-8485-exec-6] c.h.l.service.JwtService                 : Extracting username from token
2023-12-18T20:12:21.940+05:30  INFO 12120 --- [http-nio-8485-exec-6] c.h.l.service.JwtService                 : Extracting all claims from token
2023-12-18T20:12:21.957+05:30  INFO 12120 --- [http-nio-8485-exec-6] c.h.l.service.JwtService                 : Extracting username from token
2023-12-18T20:12:21.957+05:30  INFO 12120 --- [http-nio-8485-exec-6] c.h.l.service.JwtService                 : Extracting all claims from token
2023-12-18T20:12:21.967+05:30  INFO 12120 --- [http-nio-8485-exec-6] c.h.l.service.JwtService                 : Checking if token is expired
2023-12-18T20:12:21.967+05:30  INFO 12120 --- [http-nio-8485-exec-6] c.h.l.service.JwtService                 : Extracting expiration from token
2023-12-18T20:12:21.967+05:30  INFO 12120 --- [http-nio-8485-exec-6] c.h.l.service.JwtService                 : Extracting all claims from token
2023-12-18T20:13:38.634+05:30  INFO 12120 --- [http-nio-8485-exec-8] c.h.l.service.JwtService                 : Extracting username from token
2023-12-18T20:13:38.634+05:30  INFO 12120 --- [http-nio-8485-exec-8] c.h.l.service.JwtService                 : Extracting all claims from token
2023-12-18T20:13:38.644+05:30  INFO 12120 --- [http-nio-8485-exec-8] c.h.l.service.JwtService                 : Extracting username from token
2023-12-18T20:13:38.644+05:30  INFO 12120 --- [http-nio-8485-exec-8] c.h.l.service.JwtService                 : Extracting all claims from token
2023-12-18T20:13:38.646+05:30  INFO 12120 --- [http-nio-8485-exec-8] c.h.l.service.JwtService                 : Checking if token is expired
2023-12-18T20:13:38.646+05:30  INFO 12120 --- [http-nio-8485-exec-8] c.h.l.service.JwtService                 : Extracting expiration from token
2023-12-18T20:13:38.646+05:30  INFO 12120 --- [http-nio-8485-exec-8] c.h.l.service.JwtService                 : Extracting all claims from token
2023-12-18T20:13:38.741+05:30  INFO 12120 --- [http-nio-8485-exec-9] c.h.l.service.JwtService                 : Extracting username from token
2023-12-18T20:13:38.741+05:30  INFO 12120 --- [http-nio-8485-exec-9] c.h.l.service.JwtService                 : Extracting all claims from token
2023-12-18T20:13:38.752+05:30  INFO 12120 --- [http-nio-8485-exec-9] c.h.l.service.JwtService                 : Extracting username from token
2023-12-18T20:13:38.752+05:30  INFO 12120 --- [http-nio-8485-exec-9] c.h.l.service.JwtService                 : Extracting all claims from token
2023-12-18T20:13:38.753+05:30  INFO 12120 --- [http-nio-8485-exec-9] c.h.l.service.JwtService                 : Checking if token is expired
2023-12-18T20:13:38.753+05:30  INFO 12120 --- [http-nio-8485-exec-9] c.h.l.service.JwtService                 : Extracting expiration from token
2023-12-18T20:13:38.753+05:30  INFO 12120 --- [http-nio-8485-exec-9] c.h.l.service.JwtService                 : Extracting all claims from token
2023-12-18T20:13:39.618+05:30  INFO 12120 --- [http-nio-8485-exec-3] c.h.l.service.JwtService                 : Extracting username from token
2023-12-18T20:13:39.618+05:30  INFO 12120 --- [http-nio-8485-exec-3] c.h.l.service.JwtService                 : Extracting all claims from token
2023-12-18T20:13:39.626+05:30  INFO 12120 --- [http-nio-8485-exec-3] c.h.l.service.JwtService                 : Extracting username from token
2023-12-18T20:13:39.627+05:30  INFO 12120 --- [http-nio-8485-exec-3] c.h.l.service.JwtService                 : Extracting all claims from token
2023-12-18T20:13:39.629+05:30  INFO 12120 --- [http-nio-8485-exec-3] c.h.l.service.JwtService                 : Checking if token is expired
2023-12-18T20:13:39.629+05:30  INFO 12120 --- [http-nio-8485-exec-3] c.h.l.service.JwtService                 : Extracting expiration from token
2023-12-18T20:13:39.629+05:30  INFO 12120 --- [http-nio-8485-exec-3] c.h.l.service.JwtService                 : Extracting all claims from token
2023-12-18T20:13:39.798+05:30  INFO 12120 --- [http-nio-8485-exec-2] c.h.l.service.JwtService                 : Extracting username from token
2023-12-18T20:13:39.798+05:30  INFO 12120 --- [http-nio-8485-exec-2] c.h.l.service.JwtService                 : Extracting all claims from token
2023-12-18T20:13:39.806+05:30  INFO 12120 --- [http-nio-8485-exec-2] c.h.l.service.JwtService                 : Extracting username from token
2023-12-18T20:13:39.806+05:30  INFO 12120 --- [http-nio-8485-exec-2] c.h.l.service.JwtService                 : Extracting all claims from token
2023-12-18T20:13:39.808+05:30  INFO 12120 --- [http-nio-8485-exec-2] c.h.l.service.JwtService                 : Checking if token is expired
2023-12-18T20:13:39.808+05:30  INFO 12120 --- [http-nio-8485-exec-2] c.h.l.service.JwtService                 : Extracting expiration from token
2023-12-18T20:13:39.808+05:30  INFO 12120 --- [http-nio-8485-exec-2] c.h.l.service.JwtService                 : Extracting all claims from token
2023-12-18T20:19:54.212+05:30  INFO 12120 --- [http-nio-8485-exec-1] c.h.l.service.JwtService                 : Extracting username from token
2023-12-18T20:19:54.212+05:30  INFO 12120 --- [http-nio-8485-exec-1] c.h.l.service.JwtService                 : Extracting all claims from token
2023-12-18T20:19:54.221+05:30  INFO 12120 --- [http-nio-8485-exec-1] c.h.l.service.JwtService                 : Extracting username from token
2023-12-18T20:19:54.221+05:30  INFO 12120 --- [http-nio-8485-exec-1] c.h.l.service.JwtService                 : Extracting all claims from token
2023-12-18T20:19:54.223+05:30  INFO 12120 --- [http-nio-8485-exec-1] c.h.l.service.JwtService                 : Checking if token is expired
2023-12-18T20:19:54.223+05:30  INFO 12120 --- [http-nio-8485-exec-1] c.h.l.service.JwtService                 : Extracting expiration from token
2023-12-18T20:19:54.223+05:30  INFO 12120 --- [http-nio-8485-exec-1] c.h.l.service.JwtService                 : Extracting all claims from token
2023-12-18T20:19:54.234+05:30  INFO 12120 --- [http-nio-8485-exec-7] c.h.l.service.JwtService                 : Extracting username from token
2023-12-18T20:19:54.234+05:30  INFO 12120 --- [http-nio-8485-exec-7] c.h.l.service.JwtService                 : Extracting all claims from token
2023-12-18T20:19:54.242+05:30  INFO 12120 --- [http-nio-8485-exec-7] c.h.l.service.JwtService                 : Extracting username from token
2023-12-18T20:19:54.243+05:30  INFO 12120 --- [http-nio-8485-exec-7] c.h.l.service.JwtService                 : Extracting all claims from token
2023-12-18T20:19:54.244+05:30  INFO 12120 --- [http-nio-8485-exec-7] c.h.l.service.JwtService                 : Checking if token is expired
2023-12-18T20:19:54.244+05:30  INFO 12120 --- [http-nio-8485-exec-7] c.h.l.service.JwtService                 : Extracting expiration from token
2023-12-18T20:19:54.244+05:30  INFO 12120 --- [http-nio-8485-exec-7] c.h.l.service.JwtService                 : Extracting all claims from token
2023-12-18T20:19:54.369+05:30  INFO 12120 --- [http-nio-8485-exec-4] c.h.l.service.JwtService                 : Extracting username from token
2023-12-18T20:19:54.369+05:30  INFO 12120 --- [http-nio-8485-exec-4] c.h.l.service.JwtService                 : Extracting all claims from token
2023-12-18T20:19:54.376+05:30  INFO 12120 --- [http-nio-8485-exec-4] c.h.l.service.JwtService                 : Extracting username from token
2023-12-18T20:19:54.376+05:30  INFO 12120 --- [http-nio-8485-exec-4] c.h.l.service.JwtService                 : Extracting all claims from token
2023-12-18T20:19:54.378+05:30  INFO 12120 --- [http-nio-8485-exec-4] c.h.l.service.JwtService                 : Checking if token is expired
2023-12-18T20:19:54.378+05:30  INFO 12120 --- [http-nio-8485-exec-4] c.h.l.service.JwtService                 : Extracting expiration from token
2023-12-18T20:19:54.378+05:30  INFO 12120 --- [http-nio-8485-exec-4] c.h.l.service.JwtService                 : Extracting all claims from token
2023-12-18T20:19:54.388+05:30  INFO 12120 --- [http-nio-8485-exec-6] c.h.l.service.JwtService                 : Extracting username from token
2023-12-18T20:19:54.388+05:30  INFO 12120 --- [http-nio-8485-exec-6] c.h.l.service.JwtService                 : Extracting all claims from token
2023-12-18T20:19:54.397+05:30  INFO 12120 --- [http-nio-8485-exec-6] c.h.l.service.JwtService                 : Extracting username from token
2023-12-18T20:19:54.397+05:30  INFO 12120 --- [http-nio-8485-exec-6] c.h.l.service.JwtService                 : Extracting all claims from token
2023-12-18T20:19:54.399+05:30  INFO 12120 --- [http-nio-8485-exec-6] c.h.l.service.JwtService                 : Checking if token is expired
2023-12-18T20:19:54.399+05:30  INFO 12120 --- [http-nio-8485-exec-6] c.h.l.service.JwtService                 : Extracting expiration from token
2023-12-18T20:19:54.399+05:30  INFO 12120 --- [http-nio-8485-exec-6] c.h.l.service.JwtService                 : Extracting all claims from token
2023-12-18T21:11:53.632+05:30  INFO 12120 --- [http-nio-8485-exec-3] c.h.l.service.JwtService                 : Extracting username from token
2023-12-18T21:11:53.633+05:30  INFO 12120 --- [http-nio-8485-exec-3] c.h.l.service.JwtService                 : Extracting all claims from token
2023-12-18T21:11:53.644+05:30  INFO 12120 --- [http-nio-8485-exec-3] c.h.l.service.JwtService                 : Extracting username from token
2023-12-18T21:11:53.644+05:30  INFO 12120 --- [http-nio-8485-exec-3] c.h.l.service.JwtService                 : Extracting all claims from token
2023-12-18T21:11:53.645+05:30  INFO 12120 --- [http-nio-8485-exec-3] c.h.l.service.JwtService                 : Checking if token is expired
2023-12-18T21:11:53.646+05:30  INFO 12120 --- [http-nio-8485-exec-3] c.h.l.service.JwtService                 : Extracting expiration from token
2023-12-18T21:11:53.646+05:30  INFO 12120 --- [http-nio-8485-exec-3] c.h.l.service.JwtService                 : Extracting all claims from token
2023-12-18T21:11:53.685+05:30  INFO 12120 --- [http-nio-8485-exec-2] c.h.l.service.JwtService                 : Extracting username from token
2023-12-18T21:11:53.685+05:30  INFO 12120 --- [http-nio-8485-exec-2] c.h.l.service.JwtService                 : Extracting all claims from token
2023-12-18T21:11:53.692+05:30  INFO 12120 --- [http-nio-8485-exec-2] c.h.l.service.JwtService                 : Extracting username from token
2023-12-18T21:11:53.692+05:30  INFO 12120 --- [http-nio-8485-exec-2] c.h.l.service.JwtService                 : Extracting all claims from token
2023-12-18T21:11:53.694+05:30  INFO 12120 --- [http-nio-8485-exec-2] c.h.l.service.JwtService                 : Checking if token is expired
2023-12-18T21:11:53.694+05:30  INFO 12120 --- [http-nio-8485-exec-2] c.h.l.service.JwtService                 : Extracting expiration from token
2023-12-18T21:11:53.694+05:30  INFO 12120 --- [http-nio-8485-exec-2] c.h.l.service.JwtService                 : Extracting all claims from token
2023-12-18T21:12:06.356+05:30  INFO 12120 --- [http-nio-8485-exec-5] c.h.l.service.JwtService                 : Extracting username from token
2023-12-18T21:12:06.356+05:30  INFO 12120 --- [http-nio-8485-exec-5] c.h.l.service.JwtService                 : Extracting all claims from token
2023-12-18T21:12:06.363+05:30  INFO 12120 --- [http-nio-8485-exec-5] c.h.l.service.JwtService                 : Extracting username from token
2023-12-18T21:12:06.364+05:30  INFO 12120 --- [http-nio-8485-exec-5] c.h.l.service.JwtService                 : Extracting all claims from token
2023-12-18T21:12:06.366+05:30  INFO 12120 --- [http-nio-8485-exec-5] c.h.l.service.JwtService                 : Checking if token is expired
2023-12-18T21:12:06.366+05:30  INFO 12120 --- [http-nio-8485-exec-5] c.h.l.service.JwtService                 : Extracting expiration from token
2023-12-18T21:12:06.366+05:30  INFO 12120 --- [http-nio-8485-exec-5] c.h.l.service.JwtService                 : Extracting all claims from token
2023-12-18T21:12:06.457+05:30  INFO 12120 --- [http-nio-8485-exec-1] c.h.l.service.JwtService                 : Extracting username from token
2023-12-18T21:12:06.457+05:30  INFO 12120 --- [http-nio-8485-exec-1] c.h.l.service.JwtService                 : Extracting all claims from token
2023-12-18T21:12:06.463+05:30  INFO 12120 --- [http-nio-8485-exec-1] c.h.l.service.JwtService                 : Extracting username from token
2023-12-18T21:12:06.464+05:30  INFO 12120 --- [http-nio-8485-exec-1] c.h.l.service.JwtService                 : Extracting all claims from token
2023-12-18T21:12:06.464+05:30  INFO 12120 --- [http-nio-8485-exec-1] c.h.l.service.JwtService                 : Checking if token is expired
2023-12-18T21:12:06.465+05:30  INFO 12120 --- [http-nio-8485-exec-1] c.h.l.service.JwtService                 : Extracting expiration from token
2023-12-18T21:12:06.465+05:30  INFO 12120 --- [http-nio-8485-exec-1] c.h.l.service.JwtService                 : Extracting all claims from token
2023-12-18T21:13:24.676+05:30  INFO 12120 --- [http-nio-8485-exec-6] c.h.l.r.LoginRestController              : Received request for user login for username: navaneet
2023-12-18T21:13:24.835+05:30  INFO 12120 --- [http-nio-8485-exec-6] c.h.l.service.JwtService                 : Generating token for username: navaneet
2023-12-18T21:13:24.836+05:30  INFO 12120 --- [http-nio-8485-exec-6] c.h.l.service.JwtService                 : Creating token for username: navaneet
2023-12-18T21:13:24.837+05:30  INFO 12120 --- [http-nio-8485-exec-6] c.h.l.r.LoginRestController              : User login successful for username: navaneet
2023-12-18T21:13:24.850+05:30  INFO 12120 --- [http-nio-8485-exec-8] c.h.l.service.JwtService                 : Extracting username from token
2023-12-18T21:13:24.850+05:30  INFO 12120 --- [http-nio-8485-exec-8] c.h.l.service.JwtService                 : Extracting all claims from token
2023-12-18T21:13:24.858+05:30  INFO 12120 --- [http-nio-8485-exec-8] c.h.l.service.JwtService                 : Extracting username from token
2023-12-18T21:13:24.858+05:30  INFO 12120 --- [http-nio-8485-exec-8] c.h.l.service.JwtService                 : Extracting all claims from token
2023-12-18T21:13:24.861+05:30  INFO 12120 --- [http-nio-8485-exec-8] c.h.l.service.JwtService                 : Checking if token is expired
2023-12-18T21:13:24.861+05:30  INFO 12120 --- [http-nio-8485-exec-8] c.h.l.service.JwtService                 : Extracting expiration from token
2023-12-18T21:13:24.861+05:30  INFO 12120 --- [http-nio-8485-exec-8] c.h.l.service.JwtService                 : Extracting all claims from token
2023-12-18T21:13:42.244+05:30  INFO 12120 --- [http-nio-8485-exec-2] c.h.l.service.JwtService                 : Extracting username from token
2023-12-18T21:13:42.244+05:30  INFO 12120 --- [http-nio-8485-exec-2] c.h.l.service.JwtService                 : Extracting all claims from token
2023-12-18T21:13:42.252+05:30  INFO 12120 --- [http-nio-8485-exec-2] c.h.l.service.JwtService                 : Extracting username from token
2023-12-18T21:13:42.252+05:30  INFO 12120 --- [http-nio-8485-exec-2] c.h.l.service.JwtService                 : Extracting all claims from token
2023-12-18T21:13:42.253+05:30  INFO 12120 --- [http-nio-8485-exec-2] c.h.l.service.JwtService                 : Checking if token is expired
2023-12-18T21:13:42.253+05:30  INFO 12120 --- [http-nio-8485-exec-2] c.h.l.service.JwtService                 : Extracting expiration from token
2023-12-18T21:13:42.253+05:30  INFO 12120 --- [http-nio-8485-exec-2] c.h.l.service.JwtService                 : Extracting all claims from token
2023-12-18T21:15:21.283+05:30  INFO 12120 --- [http-nio-8485-exec-7] c.h.l.service.JwtService                 : Extracting username from token
2023-12-18T21:15:21.284+05:30  INFO 12120 --- [http-nio-8485-exec-7] c.h.l.service.JwtService                 : Extracting all claims from token
2023-12-18T21:15:21.292+05:30  INFO 12120 --- [http-nio-8485-exec-7] c.h.l.service.JwtService                 : Extracting username from token
2023-12-18T21:15:21.292+05:30  INFO 12120 --- [http-nio-8485-exec-7] c.h.l.service.JwtService                 : Extracting all claims from token
2023-12-18T21:15:21.294+05:30  INFO 12120 --- [http-nio-8485-exec-7] c.h.l.service.JwtService                 : Checking if token is expired
2023-12-18T21:15:21.294+05:30  INFO 12120 --- [http-nio-8485-exec-7] c.h.l.service.JwtService                 : Extracting expiration from token
2023-12-18T21:15:21.295+05:30  INFO 12120 --- [http-nio-8485-exec-7] c.h.l.service.JwtService                 : Extracting all claims from token
2023-12-18T21:15:21.625+05:30  INFO 12120 --- [http-nio-8485-exec-4] c.h.l.service.JwtService                 : Extracting username from token
2023-12-18T21:15:21.625+05:30  INFO 12120 --- [http-nio-8485-exec-4] c.h.l.service.JwtService                 : Extracting all claims from token
2023-12-18T21:15:21.632+05:30  INFO 12120 --- [http-nio-8485-exec-4] c.h.l.service.JwtService                 : Extracting username from token
2023-12-18T21:15:21.633+05:30  INFO 12120 --- [http-nio-8485-exec-4] c.h.l.service.JwtService                 : Extracting all claims from token
2023-12-18T21:15:21.635+05:30  INFO 12120 --- [http-nio-8485-exec-4] c.h.l.service.JwtService                 : Checking if token is expired
2023-12-18T21:15:21.635+05:30  INFO 12120 --- [http-nio-8485-exec-4] c.h.l.service.JwtService                 : Extracting expiration from token
2023-12-18T21:15:21.635+05:30  INFO 12120 --- [http-nio-8485-exec-4] c.h.l.service.JwtService                 : Extracting all claims from token
2023-12-18T21:15:28.308+05:30  INFO 12120 --- [http-nio-8485-exec-6] c.h.l.service.JwtService                 : Extracting username from token
2023-12-18T21:15:28.309+05:30  INFO 12120 --- [http-nio-8485-exec-6] c.h.l.service.JwtService                 : Extracting all claims from token
2023-12-18T21:15:28.319+05:30  INFO 12120 --- [http-nio-8485-exec-6] c.h.l.service.JwtService                 : Extracting username from token
2023-12-18T21:15:28.319+05:30  INFO 12120 --- [http-nio-8485-exec-6] c.h.l.service.JwtService                 : Extracting all claims from token
2023-12-18T21:15:28.321+05:30  INFO 12120 --- [http-nio-8485-exec-6] c.h.l.service.JwtService                 : Checking if token is expired
2023-12-18T21:15:28.321+05:30  INFO 12120 --- [http-nio-8485-exec-6] c.h.l.service.JwtService                 : Extracting expiration from token
2023-12-18T21:15:28.321+05:30  INFO 12120 --- [http-nio-8485-exec-6] c.h.l.service.JwtService                 : Extracting all claims from token
2023-12-18T21:42:38.738+05:30  INFO 12120 --- [http-nio-8485-exec-8] c.h.l.service.JwtService                 : Extracting username from token
2023-12-18T21:42:38.738+05:30  INFO 12120 --- [http-nio-8485-exec-8] c.h.l.service.JwtService                 : Extracting all claims from token
2023-12-18T21:42:38.748+05:30  INFO 12120 --- [http-nio-8485-exec-8] c.h.l.service.JwtService                 : Extracting username from token
2023-12-18T21:42:38.749+05:30  INFO 12120 --- [http-nio-8485-exec-8] c.h.l.service.JwtService                 : Extracting all claims from token
2023-12-18T21:42:38.750+05:30  INFO 12120 --- [http-nio-8485-exec-8] c.h.l.service.JwtService                 : Checking if token is expired
2023-12-18T21:42:38.751+05:30  INFO 12120 --- [http-nio-8485-exec-8] c.h.l.service.JwtService                 : Extracting expiration from token
2023-12-18T21:42:38.751+05:30  INFO 12120 --- [http-nio-8485-exec-8] c.h.l.service.JwtService                 : Extracting all claims from token
2023-12-18T21:42:40.382+05:30  INFO 12120 --- [http-nio-8485-exec-3] c.h.l.service.JwtService                 : Extracting username from token
2023-12-18T21:42:40.383+05:30  INFO 12120 --- [http-nio-8485-exec-3] c.h.l.service.JwtService                 : Extracting all claims from token
2023-12-18T21:42:40.392+05:30  INFO 12120 --- [http-nio-8485-exec-3] c.h.l.service.JwtService                 : Extracting username from token
2023-12-18T21:42:40.392+05:30  INFO 12120 --- [http-nio-8485-exec-3] c.h.l.service.JwtService                 : Extracting all claims from token
2023-12-18T21:42:40.394+05:30  INFO 12120 --- [http-nio-8485-exec-3] c.h.l.service.JwtService                 : Checking if token is expired
2023-12-18T21:42:40.394+05:30  INFO 12120 --- [http-nio-8485-exec-3] c.h.l.service.JwtService                 : Extracting expiration from token
2023-12-18T21:42:40.394+05:30  INFO 12120 --- [http-nio-8485-exec-3] c.h.l.service.JwtService                 : Extracting all claims from token
2023-12-18T21:42:41.235+05:30  INFO 12120 --- [http-nio-8485-exec-2] c.h.l.service.JwtService                 : Extracting username from token
2023-12-18T21:42:41.236+05:30  INFO 12120 --- [http-nio-8485-exec-2] c.h.l.service.JwtService                 : Extracting all claims from token
2023-12-18T21:42:41.245+05:30  INFO 12120 --- [http-nio-8485-exec-2] c.h.l.service.JwtService                 : Extracting username from token
2023-12-18T21:42:41.245+05:30  INFO 12120 --- [http-nio-8485-exec-2] c.h.l.service.JwtService                 : Extracting all claims from token
2023-12-18T21:42:41.245+05:30  INFO 12120 --- [http-nio-8485-exec-2] c.h.l.service.JwtService                 : Checking if token is expired
2023-12-18T21:42:41.245+05:30  INFO 12120 --- [http-nio-8485-exec-2] c.h.l.service.JwtService                 : Extracting expiration from token
2023-12-18T21:42:41.245+05:30  INFO 12120 --- [http-nio-8485-exec-2] c.h.l.service.JwtService                 : Extracting all claims from token
2023-12-18T21:42:41.471+05:30  INFO 12120 --- [http-nio-8485-exec-5] c.h.l.service.JwtService                 : Extracting username from token
2023-12-18T21:42:41.471+05:30  INFO 12120 --- [http-nio-8485-exec-5] c.h.l.service.JwtService                 : Extracting all claims from token
2023-12-18T21:42:41.477+05:30  INFO 12120 --- [http-nio-8485-exec-5] c.h.l.service.JwtService                 : Extracting username from token
2023-12-18T21:42:41.477+05:30  INFO 12120 --- [http-nio-8485-exec-5] c.h.l.service.JwtService                 : Extracting all claims from token
2023-12-18T21:42:41.478+05:30  INFO 12120 --- [http-nio-8485-exec-5] c.h.l.service.JwtService                 : Checking if token is expired
2023-12-18T21:42:41.478+05:30  INFO 12120 --- [http-nio-8485-exec-5] c.h.l.service.JwtService                 : Extracting expiration from token
2023-12-18T21:42:41.478+05:30  INFO 12120 --- [http-nio-8485-exec-5] c.h.l.service.JwtService                 : Extracting all claims from token
2023-12-18T21:42:45.203+05:30  INFO 12120 --- [http-nio-8485-exec-7] c.h.l.service.JwtService                 : Extracting username from token
2023-12-18T21:42:45.204+05:30  INFO 12120 --- [http-nio-8485-exec-7] c.h.l.service.JwtService                 : Extracting all claims from token
2023-12-18T21:42:45.213+05:30  INFO 12120 --- [http-nio-8485-exec-7] c.h.l.service.JwtService                 : Extracting username from token
2023-12-18T21:42:45.213+05:30  INFO 12120 --- [http-nio-8485-exec-7] c.h.l.service.JwtService                 : Extracting all claims from token
2023-12-18T21:42:45.215+05:30  INFO 12120 --- [http-nio-8485-exec-7] c.h.l.service.JwtService                 : Checking if token is expired
2023-12-18T21:42:45.216+05:30  INFO 12120 --- [http-nio-8485-exec-7] c.h.l.service.JwtService                 : Extracting expiration from token
2023-12-18T21:42:45.216+05:30  INFO 12120 --- [http-nio-8485-exec-7] c.h.l.service.JwtService                 : Extracting all claims from token
2023-12-18T21:42:49.172+05:30  INFO 12120 --- [http-nio-8485-exec-6] c.h.l.service.JwtService                 : Extracting username from token
2023-12-18T21:42:49.174+05:30  INFO 12120 --- [http-nio-8485-exec-6] c.h.l.service.JwtService                 : Extracting all claims from token
2023-12-18T21:42:49.183+05:30  INFO 12120 --- [http-nio-8485-exec-6] c.h.l.service.JwtService                 : Extracting username from token
2023-12-18T21:42:49.183+05:30  INFO 12120 --- [http-nio-8485-exec-6] c.h.l.service.JwtService                 : Extracting all claims from token
2023-12-18T21:42:49.185+05:30  INFO 12120 --- [http-nio-8485-exec-6] c.h.l.service.JwtService                 : Checking if token is expired
2023-12-18T21:42:49.185+05:30  INFO 12120 --- [http-nio-8485-exec-6] c.h.l.service.JwtService                 : Extracting expiration from token
2023-12-18T21:42:49.186+05:30  INFO 12120 --- [http-nio-8485-exec-6] c.h.l.service.JwtService                 : Extracting all claims from token
2023-12-18T21:43:05.159+05:30  INFO 12120 --- [http-nio-8485-exec-9] c.h.l.service.JwtService                 : Extracting username from token
2023-12-18T21:43:05.160+05:30  INFO 12120 --- [http-nio-8485-exec-9] c.h.l.service.JwtService                 : Extracting all claims from token
2023-12-18T21:43:05.169+05:30  INFO 12120 --- [http-nio-8485-exec-9] c.h.l.service.JwtService                 : Extracting username from token
2023-12-18T21:43:05.169+05:30  INFO 12120 --- [http-nio-8485-exec-9] c.h.l.service.JwtService                 : Extracting all claims from token
2023-12-18T21:43:05.170+05:30  INFO 12120 --- [http-nio-8485-exec-9] c.h.l.service.JwtService                 : Checking if token is expired
2023-12-18T21:43:05.171+05:30  INFO 12120 --- [http-nio-8485-exec-9] c.h.l.service.JwtService                 : Extracting expiration from token
2023-12-18T21:43:05.171+05:30  INFO 12120 --- [http-nio-8485-exec-9] c.h.l.service.JwtService                 : Extracting all claims from token
2023-12-18T21:43:07.231+05:30  INFO 12120 --- [http-nio-8485-exec-8] c.h.l.service.JwtService                 : Extracting username from token
2023-12-18T21:43:07.231+05:30  INFO 12120 --- [http-nio-8485-exec-8] c.h.l.service.JwtService                 : Extracting all claims from token
2023-12-18T21:43:07.241+05:30  INFO 12120 --- [http-nio-8485-exec-8] c.h.l.service.JwtService                 : Extracting username from token
2023-12-18T21:43:07.241+05:30  INFO 12120 --- [http-nio-8485-exec-8] c.h.l.service.JwtService                 : Extracting all claims from token
2023-12-18T21:43:07.244+05:30  INFO 12120 --- [http-nio-8485-exec-8] c.h.l.service.JwtService                 : Checking if token is expired
2023-12-18T21:43:07.244+05:30  INFO 12120 --- [http-nio-8485-exec-8] c.h.l.service.JwtService                 : Extracting expiration from token
2023-12-18T21:43:07.244+05:30  INFO 12120 --- [http-nio-8485-exec-8] c.h.l.service.JwtService                 : Extracting all claims from token
